{"D:\\Enviro-Integration-Strategies\\takumi-board\\src\\api\\axiosInstance.ts": {"path":"D:\\Enviro-Integration-Strategies\\takumi-board\\src\\api\\axiosInstance.ts","statementMap":{"0":{"start":{"line":1,"column":0},"end":{"line":1,"column":26}},"1":{"start":{"line":3,"column":22},"end":{"line":8,"column":2}},"2":{"start":{"line":10,"column":0},"end":{"line":10,"column":29}}},"fnMap":{},"branchMap":{},"s":{"0":0,"1":0,"2":0},"f":{},"b":{}}
,"D:\\Enviro-Integration-Strategies\\takumi-board\\src\\api\\taskApi.ts": {"path":"D:\\Enviro-Integration-Strategies\\takumi-board\\src\\api\\taskApi.ts","statementMap":{"0":{"start":{"line":1,"column":0},"end":{"line":1,"column":44}},"1":{"start":{"line":4,"column":26},"end":{"line":7,"column":2}},"2":{"start":{"line":4,"column":54},"end":{"line":7,"column":2}},"3":{"start":{"line":5,"column":19},"end":{"line":5,"column":47}},"4":{"start":{"line":6,"column":2},"end":{"line":6,"column":23}},"5":{"start":{"line":4,"column":13},"end":{"line":4,"column":26}},"6":{"start":{"line":9,"column":29},"end":{"line":12,"column":2}},"7":{"start":{"line":9,"column":69},"end":{"line":12,"column":2}},"8":{"start":{"line":10,"column":19},"end":{"line":10,"column":56}},"9":{"start":{"line":11,"column":2},"end":{"line":11,"column":23}},"10":{"start":{"line":9,"column":13},"end":{"line":9,"column":29}},"11":{"start":{"line":14,"column":26},"end":{"line":17,"column":2}},"12":{"start":{"line":14,"column":62},"end":{"line":17,"column":2}},"13":{"start":{"line":15,"column":19},"end":{"line":15,"column":54}},"14":{"start":{"line":16,"column":2},"end":{"line":16,"column":23}},"15":{"start":{"line":14,"column":13},"end":{"line":14,"column":26}},"16":{"start":{"line":19,"column":26},"end":{"line":22,"column":2}},"17":{"start":{"line":19,"column":96},"end":{"line":22,"column":2}},"18":{"start":{"line":20,"column":19},"end":{"line":20,"column":71}},"19":{"start":{"line":21,"column":2},"end":{"line":21,"column":23}},"20":{"start":{"line":19,"column":13},"end":{"line":19,"column":26}},"21":{"start":{"line":24,"column":26},"end":{"line":26,"column":2}},"22":{"start":{"line":24,"column":66},"end":{"line":26,"column":2}},"23":{"start":{"line":25,"column":2},"end":{"line":25,"column":43}},"24":{"start":{"line":24,"column":13},"end":{"line":24,"column":26}},"25":{"start":{"line":28,"column":24},"end":{"line":31,"column":2}},"26":{"start":{"line":28,"column":84},"end":{"line":31,"column":2}},"27":{"start":{"line":29,"column":19},"end":{"line":29,"column":73}},"28":{"start":{"line":30,"column":2},"end":{"line":30,"column":23}},"29":{"start":{"line":28,"column":13},"end":{"line":28,"column":24}}},"fnMap":{"0":{"name":"(anonymous_7)","decl":{"start":{"line":4,"column":26},"end":{"line":4,"column":52}},"loc":{"start":{"line":4,"column":54},"end":{"line":7,"column":2}}},"1":{"name":"(anonymous_8)","decl":{"start":{"line":4,"column":54},"end":{"line":4,"column":null}},"loc":{"start":{"line":4,"column":54},"end":{"line":7,"column":1}}},"2":{"name":"(anonymous_9)","decl":{"start":{"line":9,"column":29},"end":{"line":9,"column":36}},"loc":{"start":{"line":9,"column":69},"end":{"line":12,"column":2}}},"3":{"name":"(anonymous_10)","decl":{"start":{"line":9,"column":69},"end":{"line":9,"column":null}},"loc":{"start":{"line":9,"column":69},"end":{"line":12,"column":1}}},"4":{"name":"(anonymous_11)","decl":{"start":{"line":14,"column":26},"end":{"line":14,"column":33}},"loc":{"start":{"line":14,"column":62},"end":{"line":17,"column":2}}},"5":{"name":"(anonymous_12)","decl":{"start":{"line":14,"column":62},"end":{"line":14,"column":null}},"loc":{"start":{"line":14,"column":62},"end":{"line":17,"column":1}}},"6":{"name":"(anonymous_13)","decl":{"start":{"line":19,"column":26},"end":{"line":19,"column":33}},"loc":{"start":{"line":19,"column":96},"end":{"line":22,"column":2}}},"7":{"name":"(anonymous_14)","decl":{"start":{"line":19,"column":96},"end":{"line":19,"column":null}},"loc":{"start":{"line":19,"column":96},"end":{"line":22,"column":1}}},"8":{"name":"(anonymous_15)","decl":{"start":{"line":24,"column":26},"end":{"line":24,"column":33}},"loc":{"start":{"line":24,"column":66},"end":{"line":26,"column":2}}},"9":{"name":"(anonymous_16)","decl":{"start":{"line":24,"column":66},"end":{"line":24,"column":null}},"loc":{"start":{"line":24,"column":66},"end":{"line":26,"column":1}}},"10":{"name":"(anonymous_17)","decl":{"start":{"line":28,"column":24},"end":{"line":28,"column":31}},"loc":{"start":{"line":28,"column":84},"end":{"line":31,"column":2}}},"11":{"name":"(anonymous_18)","decl":{"start":{"line":28,"column":84},"end":{"line":28,"column":null}},"loc":{"start":{"line":28,"column":84},"end":{"line":31,"column":1}}}},"branchMap":{},"s":{"0":0,"1":0,"2":0,"3":0,"4":0,"5":0,"6":0,"7":0,"8":0,"9":0,"10":0,"11":0,"12":0,"13":0,"14":0,"15":0,"16":0,"17":0,"18":0,"19":0,"20":0,"21":0,"22":0,"23":0,"24":0,"25":0,"26":0,"27":0,"28":0,"29":0},"f":{"0":0,"1":0,"2":0,"3":0,"4":0,"5":0,"6":0,"7":0,"8":0,"9":0,"10":0,"11":0},"b":{}}
,"D:\\Enviro-Integration-Strategies\\takumi-board\\src\\hooks\\useTask.ts": {"path":"D:\\Enviro-Integration-Strategies\\takumi-board\\src\\hooks\\useTask.ts","statementMap":{"0":{"start":{"line":1,"column":0},"end":{"line":1,"column":44}},"1":{"start":{"line":2,"column":0},"end":{"line":2,"column":44}},"2":{"start":{"line":6,"column":17},"end":{"line":43,"column":1}},"3":{"start":{"line":7,"column":28},"end":{"line":11,"column":4}},"4":{"start":{"line":12,"column":32},"end":{"line":12,"column":46}},"5":{"start":{"line":13,"column":28},"end":{"line":13,"column":57}},"6":{"start":{"line":15,"column":2},"end":{"line":40,"column":9}},"7":{"start":{"line":16,"column":22},"end":{"line":37,"column":6}},"8":{"start":{"line":16,"column":33},"end":{"line":37,"column":6}},"9":{"start":{"line":17,"column":6},"end":{"line":36,"column":7}},"10":{"start":{"line":18,"column":25},"end":{"line":18,"column":43}},"11":{"start":{"line":19,"column":8},"end":{"line":19,"column":null}},"12":{"start":{"line":20,"column":39},"end":{"line":24,"column":10}},"13":{"start":{"line":25,"column":8},"end":{"line":28,"column":11}},"14":{"start":{"line":26,"column":10},"end":{"line":26,"column":71}},"15":{"start":{"line":27,"column":10},"end":{"line":27,"column":53}},"16":{"start":{"line":30,"column":8},"end":{"line":30,"column":31}},"17":{"start":{"line":32,"column":8},"end":{"line":32,"column":53}},"18":{"start":{"line":33,"column":8},"end":{"line":33,"column":42}},"19":{"start":{"line":35,"column":8},"end":{"line":35,"column":26}},"20":{"start":{"line":39,"column":4},"end":{"line":39,"column":16}},"21":{"start":{"line":42,"column":2},"end":{"line":42,"column":45}},"22":{"start":{"line":45,"column":0},"end":{"line":45,"column":24}}},"fnMap":{"0":{"name":"(anonymous_7)","decl":{"start":{"line":6,"column":17},"end":{"line":6,"column":20}},"loc":{"start":{"line":6,"column":22},"end":{"line":43,"column":1}}},"1":{"name":"(anonymous_8)","decl":{"start":{"line":15,"column":12},"end":{"line":15,"column":15}},"loc":{"start":{"line":15,"column":17},"end":{"line":40,"column":3}}},"2":{"name":"(anonymous_9)","decl":{"start":{"line":16,"column":22},"end":{"line":16,"column":31}},"loc":{"start":{"line":16,"column":33},"end":{"line":37,"column":6}}},"3":{"name":"(anonymous_10)","decl":{"start":{"line":16,"column":33},"end":{"line":16,"column":null}},"loc":{"start":{"line":16,"column":33},"end":{"line":37,"column":5}}},"4":{"name":"(anonymous_11)","decl":{"start":{"line":25,"column":25},"end":{"line":25,"column":26}},"loc":{"start":{"line":25,"column":40},"end":{"line":28,"column":9}}}},"branchMap":{},"s":{"0":0,"1":0,"2":0,"3":0,"4":0,"5":0,"6":0,"7":0,"8":0,"9":0,"10":0,"11":0,"12":0,"13":0,"14":0,"15":0,"16":0,"17":0,"18":0,"19":0,"20":0,"21":0,"22":0},"f":{"0":0,"1":0,"2":0,"3":0,"4":0},"b":{}}
}
