TN:
SF:src\api\axiosInstance.ts
FNF:0
FNH:0
DA:1,0
DA:3,0
DA:10,0
LF:3
LH:0
BRF:0
BRH:0
end_of_record
TN:
SF:src\api\taskApi.ts
FN:4,(anonymous_7)
FN:4,(anonymous_8)
FN:9,(anonymous_9)
FN:9,(anonymous_10)
FN:14,(anonymous_11)
FN:14,(anonymous_12)
FN:19,(anonymous_13)
FN:19,(anonymous_14)
FN:24,(anonymous_15)
FN:24,(anonymous_16)
FN:28,(anonymous_17)
FN:28,(anonymous_18)
FNF:12
FNH:0
FNDA:0,(anonymous_7)
FNDA:0,(anonymous_8)
FNDA:0,(anonymous_9)
FNDA:0,(anonymous_10)
FNDA:0,(anonymous_11)
FNDA:0,(anonymous_12)
FNDA:0,(anonymous_13)
FNDA:0,(anonymous_14)
FNDA:0,(anonymous_15)
FNDA:0,(anonymous_16)
FNDA:0,(anonymous_17)
FNDA:0,(anonymous_18)
DA:1,0
DA:4,0
DA:5,0
DA:6,0
DA:9,0
DA:10,0
DA:11,0
DA:14,0
DA:15,0
DA:16,0
DA:19,0
DA:20,0
DA:21,0
DA:24,0
DA:25,0
DA:28,0
DA:29,0
DA:30,0
LF:18
LH:0
BRF:0
BRH:0
end_of_record
TN:
SF:src\hooks\useTask.ts
FN:6,(anonymous_7)
FN:15,(anonymous_8)
FN:16,(anonymous_9)
FN:16,(anonymous_10)
FN:25,(anonymous_11)
FNF:5
FNH:0
FNDA:0,(anonymous_7)
FNDA:0,(anonymous_8)
FNDA:0,(anonymous_9)
FNDA:0,(anonymous_10)
FNDA:0,(anonymous_11)
DA:1,0
DA:2,0
DA:6,0
DA:7,0
DA:12,0
DA:13,0
DA:15,0
DA:16,0
DA:17,0
DA:18,0
DA:19,0
DA:20,0
DA:25,0
DA:26,0
DA:27,0
DA:30,0
DA:32,0
DA:33,0
DA:35,0
DA:39,0
DA:42,0
DA:45,0
LF:22
LH:0
BRF:0
BRH:0
end_of_record
